<?xml version="1.0" encoding="UTF-8"?>
<testng-results skipped="0" failed="0" ignored="0" total="1" passed="1">
  <reporter-output>
  </reporter-output>
  <suite name="example suite 1" duration-ms="62040" started-at="2020-11-27T13:50:24 IST" finished-at="2020-11-27T13:51:26 IST">
    <groups>
      <group name="cucumber">
        <method signature="AbstractTestNGCucumberTests.feature(cucumber.api.testng.CucumberFeatureWrapper)[pri:0, instance:Runner.TestRunner@5700d6b1]" name="feature" class="cucumber.api.testng.AbstractTestNGCucumberTests"/>
      </group> <!-- cucumber -->
    </groups>
    <test name="Regression Login" duration-ms="62040" started-at="2020-11-27T13:50:24 IST" finished-at="2020-11-27T13:51:26 IST">
      <class name="Runner.TestRunner">
        <test-method status="PASS" signature="setUpClass()[pri:0, instance:Runner.TestRunner@5700d6b1]" name="setUpClass" is-config="true" duration-ms="426" started-at="2020-11-27T13:50:24 IST" finished-at="2020-11-27T13:50:25 IST">
          <reporter-output>
          </reporter-output>
        </test-method> <!-- setUpClass -->
        <test-method status="PASS" signature="feature(cucumber.api.testng.CucumberFeatureWrapper)[pri:0, instance:Runner.TestRunner@5700d6b1]" name="feature" duration-ms="59108" started-at="2020-11-27T13:50:25 IST" description="Runs Cucumber Feature" data-provider="features" finished-at="2020-11-27T13:51:24 IST">
          <params>
            <param index="0">
              <value>
                <![CDATA[Register a user in Insurance Project and Sign in with registered Credentials]]>
              </value>
            </param>
          </params>
          <reporter-output>
          </reporter-output>
        </test-method> <!-- feature -->
        <test-method status="PASS" signature="writeExtentReport()[pri:0, instance:Runner.TestRunner@5700d6b1]" name="writeExtentReport" is-config="true" duration-ms="312" started-at="2020-11-27T13:51:24 IST" finished-at="2020-11-27T13:51:24 IST">
          <reporter-output>
          </reporter-output>
        </test-method> <!-- writeExtentReport -->
        <test-method status="PASS" signature="tearDownClass()[pri:0, instance:Runner.TestRunner@5700d6b1]" name="tearDownClass" is-config="true" duration-ms="1799" started-at="2020-11-27T13:51:24 IST" finished-at="2020-11-27T13:51:26 IST">
          <reporter-output>
          </reporter-output>
        </test-method> <!-- tearDownClass -->
      </class> <!-- Runner.TestRunner -->
    </test> <!-- Regression Login -->
  </suite> <!-- example suite 1 -->
</testng-results>
