<?xml version="1.0" encoding="UTF-8"?>
<testng-results ignored="0" total="1" passed="1" failed="0" skipped="0">
  <reporter-output>
  </reporter-output>
  <suite started-at="2020-11-13T10:48:08 IST" name="example suite 1" finished-at="2020-11-13T10:48:31 IST" duration-ms="22797">
    <groups>
      <group name="cucumber">
        <method signature="AbstractTestNGCucumberTests.feature(cucumber.api.testng.CucumberFeatureWrapper)[pri:0, instance:Runner.TestRunner@95e33cc]" name="feature" class="cucumber.api.testng.AbstractTestNGCucumberTests"/>
      </group> <!-- cucumber -->
    </groups>
    <test started-at="2020-11-13T10:48:08 IST" name="Regression Login" finished-at="2020-11-13T10:48:31 IST" duration-ms="22797">
      <class name="Runner.TestRunner">
        <test-method is-config="true" signature="setUpClass()[pri:0, instance:Runner.TestRunner@95e33cc]" started-at="2020-11-13T10:48:08 IST" name="setUpClass" finished-at="2020-11-13T10:48:08 IST" duration-ms="315" status="PASS">
          <reporter-output>
          </reporter-output>
        </test-method> <!-- setUpClass -->
        <test-method signature="feature(cucumber.api.testng.CucumberFeatureWrapper)[pri:0, instance:Runner.TestRunner@95e33cc]" started-at="2020-11-13T10:48:08 IST" name="feature" description="Runs Cucumber Feature" data-provider="features" finished-at="2020-11-13T10:48:30 IST" duration-ms="21615" status="PASS">
          <params>
            <param index="0">
              <value>
                <![CDATA[Register a user in Insurance Project and Sign in with registered Credentials]]>
              </value>
            </param>
          </params>
          <reporter-output>
          </reporter-output>
        </test-method> <!-- feature -->
        <test-method is-config="true" signature="writeExtentReport()[pri:0, instance:Runner.TestRunner@95e33cc]" started-at="2020-11-13T10:48:30 IST" name="writeExtentReport" finished-at="2020-11-13T10:48:30 IST" duration-ms="7" status="PASS">
          <reporter-output>
          </reporter-output>
        </test-method> <!-- writeExtentReport -->
        <test-method is-config="true" signature="tearDownClass()[pri:0, instance:Runner.TestRunner@95e33cc]" started-at="2020-11-13T10:48:30 IST" name="tearDownClass" finished-at="2020-11-13T10:48:31 IST" duration-ms="720" status="PASS">
          <reporter-output>
          </reporter-output>
        </test-method> <!-- tearDownClass -->
      </class> <!-- Runner.TestRunner -->
    </test> <!-- Regression Login -->
  </suite> <!-- example suite 1 -->
</testng-results>
